[2026-02-25T02:11:41.171Z] Classified "Content Interview - Test Client" as: client_interview
[2026-02-25T02:11:41.173Z] [USE CASE B] Analyzing transcript for client feedback...
[2026-02-25T02:11:45.953Z] [USE CASE B] Posting feedback to Slack channel PLACEHOLDER_CHANNEL_ID
[2026-02-25T02:11:46.165Z] [USE CASE C] Mining transcript for content ideas...
[2026-02-25T02:11:49.360Z] [USE CASE C] No strong ideas from this transcript: This is an operational feedback session about writing style and tone. No substantive insights, frameworks, or repeatable lessons shared that would serve B2B founders as thought leadership. It's internal process work, not external-facing intelligence.
[2026-02-25T02:11:49.361Z] Archived: /root/.openclaw/workspace/fathom/queue/1771985501123-9gt4zu.json
[2026-02-25T02:12:06.001Z] Classified "Team check-in" as: weekly_checkin
[2026-02-25T02:12:06.005Z] [USE CASE A] Weekly check-in received — STUB (awaiting Asana + Google keys)
[2026-02-25T02:12:06.005Z] [USE CASE A] Saved to /root/.openclaw/workspace/fathom/pending-checkins/1771985526005.json for processing once Asana keys are configured
[2026-02-25T02:12:06.005Z] [USE CASE C] Mining transcript for content ideas...
[2026-02-25T02:12:09.672Z] [USE CASE C] No strong ideas from this transcript: Transcript contains only placeholder text ('test') with no actual meeting content, strategic insights, lessons learned, or business intelligence to extract.
[2026-02-25T02:12:09.673Z] Archived: /root/.openclaw/workspace/fathom/queue/1771985525948-ircr2i.json
[2026-02-25T19:00:59.921Z] Classified "undefined" as: unknown
[2026-02-25T19:00:59.925Z] [UNKNOWN] Could not classify call "Untitled" — flagging to Slack
[2026-02-25T19:01:00.255Z] Archived: /root/.openclaw/workspace/fathom/queue/1772046059867-rpmxkp.json
[2026-02-25T20:05:03.637Z] Classified "undefined" as: unknown
[2026-02-25T20:05:03.640Z] [UNKNOWN] Could not classify call "Untitled" — flagging to Slack
[2026-02-25T20:05:03.955Z] Archived: /root/.openclaw/workspace/fathom/queue/1772049903589-ssboaa.json
[2026-02-25T20:10:28.296Z] Classified "undefined" as: client_interview
[2026-02-25T20:10:28.300Z] [USE CASE B] Analyzing transcript for client feedback...
[2026-02-25T20:10:30.039Z] [USE CASE B] No client feedback found — no Slack message sent.
[2026-02-25T20:10:30.040Z] [USE CASE C] Mining transcript for content ideas...
[2026-02-25T20:10:51.705Z] [USE CASE C] Added 5 ideas to /root/.openclaw/workspace/fathom/content-ideas/week-2026-W09.json
[2026-02-25T20:10:51.706Z] Archived: fathom/queue/reprocess-carlos.json
