[2026-02-25T01:41:40.785Z] Fathom webhook server listening on port 8001
[2026-02-25T02:00:40.867Z] Fathom webhook server listening on port 8001
[2026-02-25T02:11:25.359Z] Fathom webhook server listening on port 8001
[2026-02-25T02:11:41.119Z] Received webhook: meeting="Content Interview - Test Client" id=test-001
[2026-02-25T02:11:41.123Z] Queued: /root/.openclaw/workspace/fathom/queue/1771985501123-9gt4zu.json
[2026-02-25T02:11:49.367Z] Processor done for 1771985501123-9gt4zu: [2026-02-25T02:11:41.171Z] Classified "Content Interview - Test Client" as: client_interview
[2026-02-25T02:11:41.173Z] [USE CASE B] Analyzing transcript for client feedback...
[2026-02-25T02:11:45.953Z] [USE CASE B] Posting feedback to Slack channel PLACEHOLDER_CHANNEL_ID
[2026-02-25T02:11:46.165Z] [USE CASE C] Mining transcript for content ideas...
[2026-02-25T02:11:49.360Z] [USE CASE C] No strong ideas from this transcript: This is an operational feedback session about writing style and tone. No substantive insights, frameworks, or repeatable lessons shared that would serve B2B founders as thought leadership. It's internal process work, not external-facing intelligence.
[2026-02-25T02:11:49.361Z] Archived: /root/.openclaw/workspace/fathom/queue/1771985501123-9gt4zu.json
[2026-02-25T02:12:05.947Z] Received webhook: meeting="Team check-in" id=test-002
[2026-02-25T02:12:05.948Z] Queued: /root/.openclaw/workspace/fathom/queue/1771985525948-ircr2i.json
[2026-02-25T02:12:09.678Z] Processor done for 1771985525948-ircr2i: [2026-02-25T02:12:06.001Z] Classified "Team check-in" as: weekly_checkin
[2026-02-25T02:12:06.005Z] [USE CASE A] Weekly check-in received — STUB (awaiting Asana + Google keys)
[2026-02-25T02:12:06.005Z] [USE CASE A] Saved to /root/.openclaw/workspace/fathom/pending-checkins/1771985526005.json for processing once Asana keys are configured
[2026-02-25T02:12:06.005Z] [USE CASE C] Mining transcript for content ideas...
[2026-02-25T02:12:09.672Z] [USE CASE C] No strong ideas from this transcript: Transcript contains only placeholder text ('test') with no actual meeting content, strategic insights, lessons learned, or business intelligence to extract.
[2026-02-25T02:12:09.673Z] Archived: /root/.openclaw/workspace/fathom/queue/1771985525948-ircr2i.json
[2026-02-25T02:20:21.929Z] Fathom webhook server listening on port 8001
[2026-02-25T19:00:59.864Z] Received webhook: meeting="undefined" id=undefined
[2026-02-25T19:00:59.869Z] Queued: /root/.openclaw/workspace/fathom/queue/1772046059867-rpmxkp.json
[2026-02-25T19:01:00.263Z] Processor done for 1772046059867-rpmxkp: [2026-02-25T19:00:59.921Z] Classified "undefined" as: unknown
[2026-02-25T19:00:59.925Z] [UNKNOWN] Could not classify call "Untitled" — flagging to Slack
[2026-02-25T19:01:00.255Z] Archived: /root/.openclaw/workspace/fathom/queue/1772046059867-rpmxkp.json
[2026-02-25T20:05:03.588Z] Received webhook: meeting="undefined" id=undefined
[2026-02-25T20:05:03.590Z] Queued: /root/.openclaw/workspace/fathom/queue/1772049903589-ssboaa.json
[2026-02-25T20:05:03.960Z] Processor done for 1772049903589-ssboaa: [2026-02-25T20:05:03.637Z] Classified "undefined" as: unknown
[2026-02-25T20:05:03.640Z] [UNKNOWN] Could not classify call "Untitled" — flagging to Slack
[2026-02-25T20:05:03.955Z] Archived: /root/.openclaw/workspace/fathom/queue/1772049903589-ssboaa.json
[2026-02-25T20:10:23.919Z] Fathom webhook server listening on port 8001
[2026-02-25T20:11:08.814Z] Fathom webhook server listening on port 8001
[2026-02-25T20:46:14.367Z] Received webhook: meeting="30 Min Meeting between Marco Podesta" id=125414542
[2026-02-25T20:46:14.370Z] Queued: /root/.openclaw/workspace/fathom/queue/1772052374370-hjckfa.json
[2026-02-25T20:46:14.705Z] Processor done for 1772052374370-hjckfa: [2026-02-25T20:46:14.410Z] Classified "30 Min Meeting between Marco Podesta" as: unknown
[2026-02-25T20:46:14.412Z] [UNKNOWN] Could not classify call "30 Min Meeting between Marco Podesta" — flagging to Slack
[2026-02-25T20:46:14.698Z] Archived: /root/.openclaw/workspace/fathom/queue/1772052374370-hjckfa.json
[2026-02-26T18:30:40.554Z] Received webhook: meeting="Rethoric intro call: Edu and Oleksandr Yaroshenko" id=125704909
[2026-02-26T18:30:40.557Z] Queued: /root/.openclaw/workspace/fathom/queue/1772130640555-hbt8qb.json
[2026-02-26T18:30:40.905Z] Processor done for 1772130640555-hbt8qb: [2026-02-26T18:30:40.591Z] Classified "Rethoric intro call: Edu and Oleksandr Yaroshenko" as: unknown
[2026-02-26T18:30:40.594Z] [UNKNOWN] Could not classify call "Rethoric intro call: Edu and Oleksandr Yaroshenko" — flagging to Slack
[2026-02-26T18:30:40.900Z] Archived: /root/.openclaw/workspace/fathom/queue/1772130640555-hbt8qb.json
[2026-02-26T20:30:04.254Z] Received webhook: meeting="Team check-in" id=125755141
[2026-02-26T20:30:04.257Z] Queued: /root/.openclaw/workspace/fathom/queue/1772137804255-3gowou.json
[2026-02-26T20:30:25.749Z] Processor done for 1772137804255-3gowou: [2026-02-26T20:30:04.293Z] Classified "Team check-in" as: weekly_checkin
[2026-02-26T20:30:04.296Z] [USE CASE A] Weekly check-in received — STUB (awaiting Asana + Google keys)
[2026-02-26T20:30:04.298Z] [USE CASE A] Saved to /root/.openclaw/workspace/fathom/pending-checkins/1772137804296.json for processing once Asana keys are configured
[2026-02-26T20:30:04.299Z] [USE CASE C] Mining transcript for content ideas...
[2026-02-26T20:30:25.742Z] [USE CASE C] Added 5 ideas to /root/.openclaw/workspace/fathom/content-ideas/week-2026-W09.json
[2026-02-26T20:30:25.743Z] Archived: /root/.openclaw/workspace/fathom/queue/1772137804255-3gowou.json
[2026-02-27T14:52:00.832Z] Fathom webhook server listening on port 8001
[2026-02-28T00:58:51.601Z] Received webhook: meeting="Content Interview: Edu/Luca" id=126161130
[2026-02-28T00:58:51.608Z] Queued: /root/.openclaw/workspace/fathom/queue/1772240331606-eob40m.json
[2026-02-28T00:59:50.391Z] Processor done for 1772240331606-eob40m: [2026-02-28T00:58:51.648Z] Classified "Content Interview: Edu/Luca" as: client_interview
[2026-02-28T00:58:51.651Z] [USE CASE B] Analyzing transcript for client feedback...
[2026-02-28T00:58:54.108Z] [USE CASE B] No client feedback found — no Slack message sent.
[2026-02-28T00:58:54.109Z] [USE CASE C] Mining transcript for content ideas...
[2026-02-28T00:59:50.384Z] [USE CASE C] Added 5 ideas to /root/.openclaw/workspace/fathom/content-ideas/week-2026-W09.json
[2026-02-28T00:59:50.384Z] Archived: /root/.openclaw/workspace/fathom/queue/1772240331606-eob40m.json
